<?xml version="1.0" encoding="UTF-8"?>
<testsuite xmlns:xsi="http://www.w3.org/2001/XMLSchema-instance" xsi:noNamespaceSchemaLocation="https://maven.apache.org/surefire/maven-surefire-plugin/xsd/surefire-test-report.xsd" name="com.demo.BasicCalculatorServiceTest" time="0.238" tests="8" errors="0" skipped="0" failures="0">
  <properties>
[...]
</properties>
  <testcase name="testDiff1" classname="com.demo.BasicCalculatorServiceTest" time="0.009"/>
  <testcase name="testDiff2" classname="com.demo.BasicCalculatorServiceTest" time="0.003"/>
  <testcase name="testSum1" classname="com.demo.BasicCalculatorServiceTest" time="0.003"/>
  <testcase name="testSum2" classname="com.demo.BasicCalculatorServiceTest" time="0.054"/>
  <testcase name="testMultiply1" classname="com.demo.BasicCalculatorServiceTest" time="0.006"/>
  <testcase name="testMultiply2" classname="com.demo.BasicCalculatorServiceTest" time="0.002"/>
  <testcase name="testDivide1" classname="com.demo.BasicCalculatorServiceTest" time="0.071"/>
  <testcase name="testDivide2" classname="com.demo.BasicCalculatorServiceTest" time="0.004"/>
</testsuite>